12.992 pause
13.197 load 1
13.303 set_pose -0.029 0.112 -1.673
143.610 pause
143.883 pause
144.161 resume
147.758 estimate -0.029 0.112 -1.673
147.977 estimate -0.029 0.112 -1.673
148.199 estimate -0.029 0.112 -1.673
148.396 estimate -0.029 0.112 -1.673
148.596 estimate -0.029 0.112 -1.673
148.796 estimate -0.029 0.112 -1.673
149.017 estimate -0.029 0.112 -1.673
149.237 estimate -0.029 0.112 -1.673
149.435 estimate -0.029 0.112 -1.673
149.638 estimate -0.029 0.112 -1.673
149.837 estimate -0.029 0.112 -1.673
150.040 estimate -0.029 0.112 -1.673
150.241 estimate -0.029 0.112 -1.673
150.419 relocate
150.999 relocate_result 1 -0.022 0.107 -1.671
151.017 estimate -0.022 0.107 -1.671
151.055 estimate -0.022 0.107 -1.671
151.091 estimate -0.022 0.107 -1.671
151.252 unlock
151.256 estimate -0.022 0.107 -1.671
151.456 estimate -0.022 0.107 -1.671
151.654 estimate -0.022 0.107 -1.671
151.859 estimate -0.022 0.107 -1.671
152.060 estimate -0.022 0.106 -1.671
152.261 estimate -0.026 0.081 -1.676
152.462 estimate -0.028 0.053 -1.679
152.686 estimate -0.030 0.028 -1.687
152.906 estimate -0.032 -0.004 -1.685
153.106 estimate -0.033 -0.017 -1.516
153.305 estimate -0.030 -0.013 -1.212
153.526 estimate -0.025 -0.019 -0.857
153.725 estimate -0.026 -0.012 -0.563
153.925 estimate -0.025 -0.008 -0.243
154.125 estimate -0.020 -0.014 0.082
154.324 estimate -0.021 -0.018 0.372
154.524 estimate -0.026 -0.014 0.681
154.725 estimate -0.033 -0.002 1.001
154.924 estimate -0.022 -0.005 1.288
155.144 estimate -0.017 0.015 1.427
155.365 estimate -0.011 0.048 1.442
155.566 estimate -0.004 0.074 1.534
155.766 estimate -0.009 0.075 1.849
155.967 estimate -0.017 0.072 2.168
156.187 estimate -0.016 0.081 2.481
156.383 estimate -0.012 0.072 2.805
156.584 estimate -0.022 0.075 3.113
156.785 estimate -0.016 0.078 -2.968
157.002 estimate -0.050 0.073 -3.129
157.202 estimate -0.063 0.072 3.045
157.421 estimate -0.100 0.077 2.792
157.628 estimate -0.123 0.083 2.523
157.825 estimate -0.108 0.094 2.439
158.022 estimate -0.127 0.088 2.594
158.245 estimate -0.123 0.088 2.773
158.467 estimate -0.125 0.095 2.923
158.686 estimate -0.156 0.093 2.948
158.901 estimate -0.187 0.109 2.745
159.103 estimate -0.195 0.106 2.676
159.306 estimate -0.181 0.100 2.676
159.504 estimate -0.168 0.095 2.884
159.705 estimate -0.168 0.099 -3.066
159.905 estimate -0.188 0.090 -2.743
160.126 estimate -0.157 0.107 -2.433
160.324 estimate -0.178 0.086 -2.117
160.543 estimate -0.193 0.075 -2.176
160.745 estimate -0.204 0.057 -2.328
160.947 estimate -0.190 0.066 -2.242
161.142 estimate -0.192 0.070 -2.038
161.341 estimate -0.206 0.055 -1.776
161.545 estimate -0.193 0.031 -1.669
161.742 estimate -0.195 0.022 -1.603
161.964 estimate -0.198 0.022 -1.541
162.163 estimate -0.195 0.032 -1.414
162.363 estimate -0.187 0.004 -1.234
162.582 estimate -0.164 -0.027 -1.290
162.780 estimate -0.167 -0.051 -1.457
162.977 estimate -0.168 -0.089 -1.483
163.178 estimate -0.167 -0.117 -1.545
163.379 estimate -0.156 -0.157 -1.590
163.580 estimate -0.164 -0.177 -1.598
163.779 estimate -0.156 -0.156 -1.589
163.980 estimate -0.161 -0.155 -1.476
164.180 estimate -0.151 -0.160 -1.330
164.383 estimate -0.147 -0.188 -1.311
164.602 estimate -0.144 -0.212 -1.485
164.803 estimate -0.144 -0.232 -1.534
165.002 estimate -0.142 -0.211 -1.518
165.202 estimate -0.144 -0.198 -1.482
165.402 estimate -0.137 -0.193 -1.350
165.598 estimate -0.135 -0.220 -1.200
165.822 estimate -0.125 -0.247 -1.328
166.022 estimate -0.122 -0.275 -1.506
166.223 estimate -0.133 -0.301 -1.676
166.427 estimate -0.130 -0.323 -1.841
166.623 estimate -0.119 -0.326 -1.940
166.822 estimate -0.125 -0.305 -1.919
167.020 estimate -0.114 -0.311 -1.697
167.221 estimate -0.113 -0.318 -1.463
167.440 estimate -0.116 -0.354 -1.375
167.661 estimate -0.110 -0.396 -1.546
167.863 estimate -0.114 -0.410 -1.741
168.064 estimate -0.118 -0.439 -1.895
168.264 estimate -0.138 -0.458 -1.937
168.462 estimate -0.136 -0.480 -1.945
168.685 estimate -0.154 -0.501 -2.171
168.905 estimate -0.166 -0.525 -2.468
169.102 estimate -0.168 -0.528 -2.577
169.299 estimate -0.159 -0.522 -2.536
169.498 estimate -0.165 -0.526 -2.439
169.699 estimate -0.169 -0.527 -2.277
169.918 estimate -0.181 -0.547 -2.256
170.137 estimate -0.208 -0.571 -2.448
170.338 estimate -0.221 -0.583 -2.639
170.542 estimate -0.249 -0.589 -2.802
170.744 estimate -0.259 -0.593 -2.968
170.943 estimate -0.283 -0.599 -3.141
171.163 estimate -0.307 -0.596 2.967
171.363 estimate -0.342 -0.584 2.924
171.561 estimate -0.384 -0.582 3.019
171.764 estimate -0.420 -0.579 3.120
171.962 estimate -0.447 -0.579 -3.076
172.179 estimate -0.480 -0.585 -3.049
